<?xml version="1.0" encoding="UTF-8"?>
<testng-results ignored="1" total="4" passed="2" failed="1" skipped="0">
  <reporter-output>
  </reporter-output>
  <suite started-at="2024-08-29T01:33:03 EET" name="Default suite" finished-at="2024-08-29T01:33:10 EET" duration-ms="6897">
    <groups>
    </groups>
    <test started-at="2024-08-29T01:33:03 EET" name="Default test" finished-at="2024-08-29T01:33:10 EET" duration-ms="6897">
      <class name="MyTestCases">
        <test-method is-config="true" signature="mySetUp()[pri:0, instance:MyTestCases@1d71006f]" started-at="2024-08-29T01:33:03 EET" name="mySetUp" finished-at="2024-08-29T01:33:04 EET" duration-ms="1003" status="PASS">
          <reporter-output>
          </reporter-output>
        </test-method> <!-- mySetUp -->
        <test-method signature="AddedToDataBase()[pri:1, instance:MyTestCases@1d71006f]" started-at="2024-08-29T01:33:04 EET" name="AddedToDataBase" finished-at="2024-08-29T01:33:06 EET" duration-ms="1203" status="FAIL">
          <exception class="java.sql.SQLIntegrityConstraintViolationException">
            <message>
              <![CDATA[Duplicate entry '501' for key 'customers.PRIMARY']]>
            </message>
            <full-stacktrace>
              <![CDATA[java.sql.SQLIntegrityConstraintViolationException: Duplicate entry '501' for key 'customers.PRIMARY'
at com.mysql.cj.jdbc.exceptions.SQLError.createSQLException(SQLError.java:109)
at com.mysql.cj.jdbc.exceptions.SQLExceptionsMapping.translateException(SQLExceptionsMapping.java:114)
at com.mysql.cj.jdbc.StatementImpl.executeUpdateInternal(StatementImpl.java:1537)
at com.mysql.cj.jdbc.StatementImpl.executeLargeUpdate(StatementImpl.java:2384)
at com.mysql.cj.jdbc.StatementImpl.executeUpdate(StatementImpl.java:1410)
at MyTestCases.AddedToDataBase(MyTestCases.java:41)
at java.base/jdk.internal.reflect.DirectMethodHandleAccessor.invoke(DirectMethodHandleAccessor.java:103)
at java.base/java.lang.reflect.Method.invoke(Method.java:580)
at org.testng.internal.MethodInvocationHelper.invokeMethod(MethodInvocationHelper.java:133)
at org.testng.internal.TestInvoker.invokeMethod(TestInvoker.java:598)
at org.testng.internal.TestInvoker.invokeTestMethod(TestInvoker.java:173)
at org.testng.internal.MethodRunner.runInSequence(MethodRunner.java:46)
at org.testng.internal.TestInvoker$MethodInvocationAgent.invoke(TestInvoker.java:824)
at org.testng.internal.TestInvoker.invokeTestMethods(TestInvoker.java:146)
at org.testng.internal.TestMethodWorker.invokeTestMethods(TestMethodWorker.java:146)
at org.testng.internal.TestMethodWorker.run(TestMethodWorker.java:128)
at java.base/java.util.ArrayList.forEach(ArrayList.java:1597)
at org.testng.TestRunner.privateRun(TestRunner.java:794)
at org.testng.TestRunner.run(TestRunner.java:596)
at org.testng.SuiteRunner.runTest(SuiteRunner.java:377)
at org.testng.SuiteRunner.runSequentially(SuiteRunner.java:371)
at org.testng.SuiteRunner.privateRun(SuiteRunner.java:332)
at org.testng.SuiteRunner.run(SuiteRunner.java:276)
at org.testng.SuiteRunnerWorker.runSuite(SuiteRunnerWorker.java:53)
at org.testng.SuiteRunnerWorker.run(SuiteRunnerWorker.java:96)
at org.testng.TestNG.runSuitesSequentially(TestNG.java:1212)
at org.testng.TestNG.runSuitesLocally(TestNG.java:1134)
at org.testng.TestNG.runSuites(TestNG.java:1063)
at org.testng.TestNG.run(TestNG.java:1031)
at org.testng.remote.AbstractRemoteTestNG.run(AbstractRemoteTestNG.java:115)
at org.testng.remote.RemoteTestNG.initAndRun(RemoteTestNG.java:293)
at org.testng.remote.RemoteTestNG.main(RemoteTestNG.java:91)
]]>
            </full-stacktrace>
          </exception> <!-- java.sql.SQLIntegrityConstraintViolationException -->
          <reporter-output>
          </reporter-output>
        </test-method> <!-- AddedToDataBase -->
        <test-method signature="UpdateDate()[pri:2, instance:MyTestCases@1d71006f]" started-at="2024-08-29T01:33:06 EET" name="UpdateDate" finished-at="2024-08-29T01:33:06 EET" duration-ms="15" status="PASS">
          <reporter-output>
          </reporter-output>
        </test-method> <!-- UpdateDate -->
        <test-method signature="GetData()[pri:3, instance:MyTestCases@1d71006f]" started-at="2024-08-29T01:33:06 EET" name="GetData" finished-at="2024-08-29T01:33:10 EET" duration-ms="4552" status="PASS">
          <reporter-output>
          </reporter-output>
        </test-method> <!-- GetData -->
      </class> <!-- MyTestCases -->
    </test> <!-- Default test -->
  </suite> <!-- Default suite -->
</testng-results>
